[    0.000000] Initializing cgroup subsys cpuset
[    0.000000] Initializing cgroup subsys cpu
[    0.000000] Initializing cgroup subsys cpuacct
[    0.000000] Linux version 4.4.0-142-generic (buildd@lgw01-amd64-033) (gcc version 5.4.0 20160609 (Ubuntu 5.4.0-6ubuntu1~16.04.10) ) #168-Ubuntu SMP Wed Jan 16 21:00:45 UTC 2019 (Ubuntu 4.4.0-142.168-generic 4.4.167)
[    0.000000] Command line: BOOT_IMAGE=/boot/vmlinuz-4.4.0-142-generic root=LABEL=cloudimg-rootfs ro console=tty1 console=ttyS0
[    0.000000] KERNEL supported cpus:
[    0.000000]   Intel GenuineIntel
[    0.000000]   AMD AuthenticAMD
[    0.000000]   Centaur CentaurHauls
[    0.000000] x86/fpu: xstate_offset[2]:  576, xstate_sizes[2]:  256
[    0.000000] x86/fpu: Supporting XSAVE feature 0x01: 'x87 floating point registers'
[    0.000000] x86/fpu: Supporting XSAVE feature 0x02: 'SSE registers'
[    0.000000] x86/fpu: Supporting XSAVE feature 0x04: 'AVX registers'
[    0.000000] x86/fpu: Enabled xstate features 0x7, context size is 832 bytes, using 'standard' format.
[    0.000000] e820: BIOS-provided physical RAM map:
[    0.000000] BIOS-e820: [mem 0x0000000000000000-0x000000000009fbff] usable
[    0.000000] BIOS-e820: [mem 0x000000000009fc00-0x000000000009ffff] reserved
[    0.000000] BIOS-e820: [mem 0x00000000000f0000-0x00000000000fffff] reserved
[    0.000000] BIOS-e820: [mem 0x0000000000100000-0x000000003ffeffff] usable
[    0.000000] BIOS-e820: [mem 0x000000003fff0000-0x000000003fffffff] ACPI data
[    0.000000] BIOS-e820: [mem 0x00000000fec00000-0x00000000fec00fff] reserved
[    0.000000] BIOS-e820: [mem 0x00000000fee00000-0x00000000fee00fff] reserved
[    0.000000] BIOS-e820: [mem 0x00000000fffc0000-0x00000000ffffffff] reserved
[    0.000000] NX (Execute Disable) protection: active
[    0.000000] SMBIOS 2.5 present.
[    0.000000] Hypervisor detected: KVM
[    0.000000] e820: last_pfn = 0x3fff0 max_arch_pfn = 0x400000000
[    0.000000] MTRR: Disabled
[    0.000000] x86/PAT: MTRRs disabled, skipping PAT initialization too.
[    0.000000] CPU MTRRs all blank - virtualized system.
[    0.000000] x86/PAT: Configuration [0-7]: WB  WT  UC- UC  WB  WT  UC- UC  
[    0.000000] found SMP MP-table at [mem 0x0009fff0-0x0009ffff] mapped at [ffff88000009fff0]
[    0.000000] Scanning 1 areas for low memory corruption
[    0.000000] RAMDISK: [mem 0x3630a000-0x3717cfff]
[    0.000000] ACPI: Early table checksum verification disabled
[    0.000000] ACPI: RSDP 0x00000000000E0000 000024 (v02 VBOX  )
[    0.000000] ACPI: XSDT 0x000000003FFF0030 00003C (v01 VBOX   VBOXXSDT 00000001 ASL  00000061)
[    0.000000] ACPI: FACP 0x000000003FFF00F0 0000F4 (v04 VBOX   VBOXFACP 00000001 ASL  00000061)
[    0.000000] ACPI: DSDT 0x000000003FFF0470 0021FF (v02 VBOX   VBOXBIOS 00000002 INTL 20180105)
[    0.000000] ACPI: FACS 0x000000003FFF0200 000040
[    0.000000] ACPI: FACS 0x000000003FFF0200 000040
[    0.000000] ACPI: APIC 0x000000003FFF0240 00005C (v02 VBOX   VBOXAPIC 00000001 ASL  00000061)
[    0.000000] ACPI: SSDT 0x000000003FFF02A0 0001CC (v01 VBOX   VBOXCPUT 00000002 INTL 20180105)
[    0.000000] No NUMA configuration found
[    0.000000] Faking a node at [mem 0x0000000000000000-0x000000003ffeffff]
[    0.000000] NODE_DATA(0) allocated [mem 0x3ffeb000-0x3ffeffff]
[    0.000000] kvm-clock: Using msrs 4b564d01 and 4b564d00
[    0.000000] kvm-clock: cpu 0, msr 0:3ffe3001, primary cpu clock
[    0.000000] kvm-clock: using sched offset of 3247347502 cycles
[    0.000000] clocksource: kvm-clock: mask: 0xffffffffffffffff max_cycles: 0x1cd42e4dffb, max_idle_ns: 881590591483 ns
[    0.000000] Zone ranges:
[    0.000000]   DMA      [mem 0x0000000000001000-0x0000000000ffffff]
[    0.000000]   DMA32    [mem 0x0000000001000000-0x000000003ffeffff]
[    0.000000]   Normal   empty
[    0.000000]  Device   empt
    0.000000] Movable zone start for each node
[    0.000000] Early memory node ranges
[    0.000000]   node   0: [mem 0x0000000000001000-0x000000000009efff]
[    0.000000]   node   0: [mem 0x0000000000100000-0x000000003ffeffff]
[    0.000000] Initmem setup node 0 [mem 0x0000000000001000-0x000000003ffeffff]
[    0.000000] ACPI: PM-Timer IO Port: 0x4008
[    0.000000] IOAPIC[0]: apic_id 2, version 32, address 0xfec00000, GSI 0-23
[    0.000000] ACPI: INT_SRC_OVR (bus 0 bus_irq 0 global_irq 2 dfl dfl)
[    0.000000] ACPI: INT_SRC_OVR (bus 0 bus_irq 9 global_irq 9 low level)
[    0.000000] Using ACPI (MADT) for SMP configuration information
[    0.000000] smpboot: AAllowing 2 CPUs, 0 hotplug CPUs
[    0.000000] PM: Registered nosave memory: [mem 0x00000000-0x00000fff]
[    0.000000] PM: Registered nose mory: [mem 0x0009f000-0x0009ffff][   0.0000 PM: Rgierd nosave memory: [mem 0x000a0000-0x000effff]
[    0.000000] PM: Registered nosave memory: [mem 0x000f0000-0x000fffff]
[    0.000000] e820: [mem 0x40000000-0xfebfffff] available for PCI devices
[    0.000000] Booting paravirtualized kernel on KVM
[    0.000000] clocksource: refined-jiffies: mask: 0xffffffff max_cycles: 0xffffffff, max_idle_ns: 7645519600211568 ns
[    0.000000] setup_percpu: NR_CPUS:512 nr_cpumask_bits:512 nr_cpu_ids:2 nr_node_ids:1
[    0.000000] PERCPU: Embedded 34 pages/cpu @ffff88003fc00000 s99480 r8192 d31592 u1048576
[    0.000000] Built 1 zonelists in Node order, mobility grouping on.  Total pages: 257912
[    0.000000] Policy zone: DMA32
[    0.000000] Kernel command line: BOOT_IMAGE=/boot/vmlinuz-4.4.0-142-generic root=LABEL=cloudimg-rootfs ro console=tty1 console=ttyS0
[    0.000000] PID hash table entries: 4096 (order: 3, 32768 bytes)
[    0.000000] Memory: 997736K/1048120K available (8603K kernel code, 1332K rwdata, 4004K rodata, 1484K init, 1316K bss, 50384K reserved, 0K cma-reserved)
[    0.000000] SLUB: HWalign=64, Order=0-3, MinObjects=0, CPUs=2, Nodes=1
[    0.000000] Kernel/User page tables isolation: enabled
[    0.000000] Hierarchical RCU implementation.
[    0.000000] 	Build-time adjustment of leaf fanout to 64.
[    0.000000] 	RCU restricting CPUs from NR_CPUS=512 to nr_cpu_ids=2.
[    0.000000] RCU: Adjusting geometry for rcu_fanout_leaf=64, nr_cpu_ids=2
[    0.000000] NR_IRQS:33024 nr_irqs:440 16
[    0.000000] Console: colour VGA+ 80x25
[    0.000000] console [tty1] enabled
[    0.000000] console [ttyS0] enabled
[    0.000000] tsc: Detected 2592.000 MHz processor
[    0.515470] Calibrating delay loop (skipped) preset value.. 5184.00 BogoMIPS (lpj=10368000)
[    0.517008] pid_max: default: 32768 minimum: 301
[    0.517929] ACPI: Core revision 20150930
[    0.519930] ACPI: 2 ACPI AML tables successfully acquired and loaded
[    0.521150] Security Framework initialized
[    0.521828] Yama: becoming mindful.
[    0.522450] AppArmor: AppArmor initialized
[    0.523375] Dentry cache hash table entries: 131072 (order: 8, 1048576 bytes)
[    0.525134] Inode-cache hash table entries: 65536 (order: 7, 524288 bytes)
[    0.526165] Mount-cache hash table entries: 2048 (order: 2, 16384 bytes)
[    0.527252] Mountpoint-cache hash table entries: 2048 (order: 2, 16384 bytes)
[    0.528354] Initializing cgroup subsys io
[    0.529008] Initializing cgroup subsys memory
[    0.529736] Initializing cgroup subsys devices
[    0.530428] Initializing cgroup subsys freezer
[    0.531294] Initializing cgroup subsys net_cls
[    0.532010] Initializing cgroup subsys perf_event
[    0.532745] Initializing cgroup subsys net_prio
[    0.533503] Initializing cgroup subsys hugetlb
[    0.534195] Initializing cgroup subsys pids
[    0.536307] mce: CPU supports 0 MCE banks
[    0.537092] Last level iTLB entries: 4KB 64, 2MB 8, 4MB 8
[    0.537886] Last level dTLB entries: 4KB 64, 2MB 0, 4MB 0, 1GB 4
[    0.538745] Spectre V2 : Mitigation: Full generic retpoline
[    0.539631] Spectre V2 : Spectre v2 / SpectreRSB mitigation: Filling RSB on context switch
[    0.540892] Speculative Store Bypass: Vulnerable
[    0.544251] Freeing SMP alternatives memory: 32K
[    0.549947] ftrace: allocating 32277 entries in 127 pages
[    0.600162] smpboot: APIC(0) Converting physical 0 to logical package 0
[    0.606611] smpboot: Max logical packages: 1
[    0.607745] x2apic enabled
[    0.608666] Switched APIC routing to physical x2apic.
[    0.610813] ..TIMER: vector=0x30 apic1=0 pin1=2 apic2=-1 pin2=-1
[    0.718487] smpboot: CPU0: Intel(R) Core(TM) i7-6700HQ CPU @ 2.60GHz (family: 0x6, model: 0x5e, stepping: 0x3)
[    0.725747] Performance Events: unsupported p6 CPU model 94 no PMU driver, software events only.
[    0.736559] KVM setup paravirtual spinlock
[    0.738150] x86: Booting SMP configuration:
[    0.738969] .... node  #0, CPUs:      #1
[    0.739944] kvm-clock: cpu 1, msr 0:3ffe3041, secondary cpu clock
[    0.741897] mce: CPU supports 0 MCE banks
[    0.744391] x86: Booted up 1 node, 2 CPUs
[    0.745407] smpboot: Total of 2 processors activated (10368.00 BogoMIPS)
[    0.747201] devtmpfs: initialized
[    0.750415] evm: security.selinux
[    0.752546] evm: security.SMACK64
[    0.753223] evm: security.SMACK64EXEC
[    0.755497] evm: security.SMACK64TRANSMUTE
[    0.756296] evm: security.SMACK64MMAP
[    0.757075] evm: security.ima
[    0.757674] evm: security.capability
[    0.758641] clocksource: jiffies: mask: 0xffffffff max_cycles: 0xffffffff, max_idle_ns: 7645041785100000 ns
[    0.760319] futex hash table entries: 512 (order: 3, 32768 bytes)
[    0.761479] pinctrl core: initialized pinctrl subsystem
[    0.762445] RTC time: 18:48:23, date: 04/07/19
[    0.763451] NET: Registered protocol family 16
[    0.775034] cpuidle: using governor ladder
[    0.791221] cpuidle: using governor menu
[    0.791994] PCCT header not found.
[    0.792793] ACPI: bus type PCI registered
[    0.793569] acpiphp: ACPI Hot Plug PCI Controller Driver version: 0.5
[    0.794717] PCI: Using configuration type 1 for base access
[    0.807358] ACPI: Added _OSI(Module Device)
[    0.808084] ACPI: Added _OSI(Processor Device)
[    0.808868] ACPI: Added _OSI(3.0 _SCP Extensions)
[    0.809708] ACPI: Added _OSI(Processor Aggregator Device)
[    0.811266] ACPI: Executed 1 blocks of module-level executable AML code
[    0.814361] ACPI: Interpreter enabled
[    0.820318] ACPI: (supports S0 S5)
[    0.820936] ACPI: Using IOAPIC for interrupt routing
[    0.821877] PCI: Using host bridge windows from ACPI; if necessary, use "pci=nocrs" and report a bug
[    0.826946] ACPI: PCI Root Bridge [PCI0] (domain 0000 [bus 00-ff])
[    0.845330] acpi PNP0A03:00: _OSC: OS supports [ASPM ClockPM Segments MSI]
[    0.846411] acpi PNP0A03:00: _OSC: not requesting OS control; OS requires [ExtendedConfig ASPM ClockPM MSI]
[    0.848048] acpi PNP0A03:00: fail to add MMCONFIG information, can't access extended PCI configuration space under this bridge.
[    0.850260] PCI host bridge to bus 0000:00
[    0.851120] pci_bus 0000:00: root bus resource [io  0x0000-0x0cf7 window]
[    0.884823] pci_bus 0000:00: root bus resource [io  0x0d00-0xffff window]
[    0.887063] pci_bus 0000:00: root bus resource [mem 0x000a0000-0x000bffff window]
[    0.888443] pci_bus 0000:00: root bus resource [mem 0x40000000-0xfdffffff window]
[    0.889851] pci_bus 0000:00: root bus resource [bus 00-ff]
[    0.892265] pci 0000:00:01.1: legacy IDE quirk: reg 0x10: [io  0x01f0-0x01f7]
[    0.893382] pci 0000:00:01.1: legacy IDE quirk: reg 0x14: [io  0x03f6]
[    0.894390] pci 0000:00:01.1: legacy IDE quirk: reg 0x18: [io  0x0170-0x0177]
[    0.895541] pci 0000:00:01.1: legacy IDE quirk: reg 0x1c: [io  0x0376]
[    0.909198] pci 0000:00:07.0: quirk: [io  0x4000-0x403f] claimed by PIIX4 ACPI
[    0.916144] pci 0000:00:07.0: quirk: [io  0x4100-0x410f] claimed by PIIX4 SMB
[    0.931526] ACPI: PCI Interrupt Link [LNKA] (IRQs 5 9 10 *11)
[    0.949280] ACPI: PCI Interrupt Link [LNKB] (IRQs 5 9 *10 11)
[    0.950870] ACPI: PCI Interrupt Link [LNKC] (IRQs 5 *9 10 11)
[    0.952280] ACPI: PCI Interrupt Link [LNKD] (IRQs 5 9 10 *11)
[    0.953728] ACPI: Enabled 2 GPEs in block 00 to 07
[    0.954879] vgaarb: setting as boot device: PCI:0000:00:02.0
[    0.955830] vgaarb: device added: PCI:0000:00:02.0,decodes=io+mem,owns=io+mem,locks=none
[    0.957304] vgaarb: loaded
[    0.957911] vgaarb: bridge control possible 0000:00:02.0
[    0.959158] SCSI subsystem initialized
[    0.959985] ACPI: bus type USB registered
[    0.960770] usbcore: registered new interface driver usbfs
[    0.961682] usbcore: registered new interface driver hub
[    0.962639] usbcore: registered new device driver usb
[    0.964246] PCI: Using ACPI for IRQ routing
[    0.965384] NetLabel: Initializing
[    0.966137] NetLabel:  domain hash size = 128
[    0.966879] NetLabel:  protocols = UNLABELED CIPSOv4
[    0.967808] NetLabel:  unlabeled traffic allowed by default
[    0.968989] amd_nb: Cannot enumerate AMD northbridges
[    0.969900] clocksource: Switched to clocksource kvm-clock
[    0.976337] AppArmor: AppArmor Filesystem Enabled
[    .988423] pnp:nPCPin
  1.13] p:nPCP fnd dic
[    1.719735] clocksource: acpi_pm: mask: 0xffffff max_cycles: 0xffffff, max_idle_ns: 2085701024 ns
[    1.744229] NET: Registered protocol family 2
[    1.745201] TCP established hash table entries: 8192 (order: 4, 65536 bytes)
[    1.752045] TCP bind hash table entries: 8192 (order: 5, 131072 bytes)
[    1.753173] TCP: Hash tables configured (established 8192 bind 8192)
[    1.754188] UDP hash table entries: 512 (order: 2, 16384 bytes)
[    1.755147] UDP-Lite hash table entries: 512 (order: 2, 16384 bytes)
[    1.756168] NET: Registered protocol family 1
[    1.756978] pci 0000:00:00.0: Limiting direct PCI/PCI transfers
[    1.757950] pci 0000:00:01.0: Activating ISA DMA hang workarounds
[    1.759071] Unpacking initramfs...
[    1.940954] Freeing initrd memory: 14796K
[    1.977845] platform rtc_cmos: registered platform RTC device (no PNP device found)
[    1.979843] Scanning for low memory corruption every 60 seconds
[    1.981824] audit: initializing netlink subsys (disabled)
[    1.983157] audit: type=2000 audit(1554662907.998:1): initialized
[    1.984734] Initialise system trusted keyring
[    1.986160] HugeTLB registered 2 MBppage size, pre-allocated 0 pages
[    2.081082] zbud: loaded
[    2.082658] VFS: Disk quotas dquot_6.6.0
[    2.083665] VFS: Dquot-cache hash table entries: 512 (order 0, 4096 bytes)
[    2.085397] squashfs: version 4.0 (2009/01/31) Phillip Lougher
[    2.087219] fuse init (API version 7.23)
[    2.088431] Key type big_key registered
[    2.089450] Allocating IMA MOK and blacklist keyrings.
[    2.092373] Key type asymmetric registered
[    2.093337] Asymmetric key parser 'x509' registered
[    2.094572] Block layer SCSI generic (bsg) driver version 0.4 loaded (major 249)
[    2.096433] io scheduler noop registered
[    2.097698] io scheduler deadline registered (default)
[    2.167510] io scheduler cfq registered
[    2.168304] pci_hotplug: PCI Hot Plug PCI Core version: 0.5
[    2.169184] pciehp: PCI Express Hot Plug Controller Driver version: 0.4
[    2.170347] ACPI: AC Adapter [AC] (on-line)
[    2.171256] input: Power Button as /devices/LNXSYSTM:00/LNXPWRBN:00/input/input0
[    2.172663] ACPI: Power Button [PWRF]
[    2.173368] input: Sleep Button as /devices/LNXSYSTM:00/LNXSLPBN:00/input/input1
[    2.174759] ACPI: Sleep Button [SLPF]
[    2.175800] GHES: HEST is not enabled!
[    2.176674] Serial: 8250/16550 driver, 32 ports, IRQ sharing enabled
[    2.199880] 00:02: ttyS0 at I/O 0x3f8 (irq = 4, base_baud = 115200) is a 16550A
[    2.202637] Linux agpgart interface v0.103
[    2.205576] loop: module loaded
[    2.206848] scsi host0: ata_piix
[    2.207675] scsi host1: ata_piix
[    2.208327] ata1: PATA max UDMA/33 cmd 0x1f0 ctl 0x3f6 bmdma 0xd000 irq 14
[    2.209359] ata2: PATA max UDMA/33 cmd 0x170 ctl 0x376 bmdma 0xd008 irq 15
[    2.210511] libphy: Fixed MDIO Bus: probed
[    2.211277] tun: Universal TUN/TAP device driver, 1.6
[    2.212121] tun: (C) 1999-2004 Max Krasnyansky <maxk@qualcomm.com>
[    2.213203] PPP generic driver version 2.4.2
[    2.214023] ehci_hcd: USB 2.0 'Enhanced' Host Controller (EHCI) Driver
[    2.215107] ehci-pci: EHCI PCI platform driver
[    2.215897] ehci-platform: EHCI generic platform driver
[    2.216749] ohci_hcd: USB 1.1 'Open' Host Controller (OHCI) Driver
[    2.217740] ohci-pci: OHCI PCI platform driver
[    2.218517] ohci-platform: OHCI generic platform driver
[    2.219454] uhci_hcd: USB Universal Host Controller Interface driver
[    2.220700] i8042: PNP: PS/2 Controller [PNP0303:PS2K,PNP0f03:PS2M] at 0x60,0x64 irq 1,12
[    2.222824] serio: i8042 KBD port at 0x60,0x64 irq 1
[    2.223805] serio: i8042 AUX port at 0x60,0x64 irq 12
[    2.224887] mousedev: PS/2 mouse device common for all mice
[    2.226403] rtc_cmos rtc_cmos: rtc core: registered rtc_cmos as rtc0
[    2.227499] input: AT Translated Set 2 keyboard as /devices/platform/i8042/serio0/input/input2
[    2.229143] rtc_cmos rtc_cmos: alarms up to one day, 114 bytes nvram
[    2.230201] i2c /dev entries driver
[    2.231019] device-mapper: uevent: version 1.0.3
[    2.231900] device-mapper: ioctl: 4.34.0-ioctl (2015-10-28) initialised: dm-devel@redhat.com
[    2.233453] ledtrig-cpu: registered to indicate activity on CPUs
[    2.234932] NET: Registered protocol family 10
[    2.235872] NET: Registered protocol family 17
[    2.236688] Key type dns_resolver registered
[    2.237752] registered taskstats version 1
[    2.238552] Loading compiled-in X.509 certificates
[    2.239914] Loaded X.509 cert 'Build time autogenerated kernel key: bff73e56bc0efa7435b2a24f5427674623f1be80'
[    2.241501] zswap: loaded using pool lzo/zbud
[    2.243857] Key type trusted registered
[    2.247365] Key type encrypted registered
[    2.248117] AppArmor: AppArmor sha1 policy hashing enabled
[    2.248996] ima: No TPM chip found, activating TPM-bypass!
[    2.249868] ima: Allocated hash algorithm: sha1
[    2.250665] evm: HMAC attrs: 0x1
[    2.251657]   Magic number: 15:210:847
[    2.252516] rtc_cmos rtc_cmos: setting system clock to 2019-04-07 18:48:24 UTC (1554662904)
[    2.254290] BIOS EDD facility v0.16 2004-Jun-25, 0 devices found
[    2.255280] EDD information not available.
[    2.370414] Freeing unused kernel memory: 1484K
[    2.373997] Write protecting the kernel read-only data: 14336k
[    2.379674] Freeing unused kernel memory: 1624K
[    2.383863] Freeing unused kernel memory: 92K
Loading, please wait...
starting version[    2.409933] random: systemd-udevd: uninitialized urandom read (16 bytes read, 3 bits of entropy available)
 229
[    2.410822] random: udevadm: uninitialized urandom read (16 bytes read, 3 bits of entropy available)
[    2.410844] random: udevadm: uninitialized urandom read (16 bytes read, 3 bits of entropy available)
[    2.421322] random: udevadm: uninitialized urandom read (16 bytes read, 3 bits of entropy available)
[    2.421368] random: udevadm: uninitialized urandom read (16 bytes read, 3 bits of entropy available)
[    2.421512] random: udevadm: uninitialized urandom read (16 bytes read, 3 bits of entropy available)
[    2.421566] random: udevadm: uninitialized urandom read (16 bytes read, 3 bits of entropy available)
[    2.421616] random: udevadm: uninitialized urandom read (16 bytes read, 3 bits of entropy available)
[    2.421669] random: udevadm: uninitialized urandom read (16 bytes read, 3 bits of entropy available)
[    2.421719] random: udevadm: uninitialized urandom read (16 bytes read, 3 bits of entropy available)
[    2.469778] e1000: Intel(R) PRO/1000 Network Driver - version 7.3.21-k8-NAPI
[    2.599367] e1000: Copyright (c) 1999-2006 Intel Corporation.
[    2.606866] Fusion MPT base driver 3.04.20
[    2.607707] Copyright (c) 1999-2008 LSI Corporation
[    2.613305] Fusion MPT SPI Host driver 3.04.20
[    2.616132] mptbase: ioc0: Initiating bringup
[    2.628506] AVX2 version of gcm_enc/dec engaged.
[    2.629530] AES CTR mode by8 optimization enabled
[    2.686306] ioc0: LSI53C1030 A0: Capabilities={Initiator}
[    2.815138] input: ImExPS/2 Generic Explorer Mouse as /devices/platform/i8042/serio1/input/input4
[    2.875002] scsi host2: ioc0: LSI53C1030 A0, FwRev=00000000h, Ports=1, MaxQ=256, IRQ=20
[    2.974121] tsc: Refined TSC clocksource calibration: 2593.623 MHz
[    3.327141] clocksource: tsc: mask: 0xffffffffffffffff max_cycles: 0x2562b402af6, max_idle_ns: 440795272483 ns
[    3.358672] scsi 2:0:0:0: Direct-Access     VBOX     HARDDISK         1.0  PQ: 0 ANSI: 5
[    3.360396] scsi target2:0:0: Beginning Domain Validation
[    3.365700] scsi target2:0:0: Domain Validation skipping write tests
[    3.366914] scsi target2:0:0: Ending Domain Validation
[    3.367989] scsi target2:0:0: asynchronous
[    3.388104] scsi 2:0:1:0: Direct-Access     VBOX     HARDDISK         1.0  PQ: 0 ANSI: 5
[    3.530022] scsi target2:0:1: Beginning Domain Validation
[    3.532851] scsi target2:0:1: Domain Validation skipping write tests
[    3.534004] scsi target2:0:1: Ending Domain Validation
[    3.535197] scsi target2:0:1: asynchronous
[    3.558883] sd 2:0:0:0: Attached scsi generic sg0 type 0
[    3.565407] sd 2:0:0:0: [sda] 20971520 512-byte logical blocks: (10.7 GB/10.0 GiB)
[    3.567597] sd 2:0:0:0: [sda] Write Protect is off
[    3.568805] sd 2:0:0:0: [sda] Incomplete mode parameter data
[    3.569952] sd 2:0:0:0: [sda] Assuming drive cache: write through
[    3.584064] sd 2:0:1:0: [sdb] 20480 512-byte logical blocks: (10.5 MB/10.0 MiB)
[    3.586068] sd 2:0:1:0: [sdb] Write Protect is off
[    3.587299] sd 2:0:1:0: [sdb] Incomplete mode parameter data
[    3.588500] sd 2:0:1:0: [sdb] Assuming drive cache: write through
[    3.589991] sd 2:0:1:0: Attached scsi generic sg1 type 0
[    3.592556]  sda: sda1
[    3.593264] sd 2:0:1:0: [sdb] Attached SCSI disk
[    3.594537] sd 2:0:0:0: [sda] Attached SCSI disk
[    3.845928] e1000 0000:00:03.0 eth0: (PCI:33MHz:32-bit) 02:dd:09:7c:76:16
[    3.887757] e1000 0000:00:03.0 eth0: Intel(R) PRO/1000 Network Connection
[    3.889982] e1000 0000:00:03.0 enp0s3: renamed from eth0
Begin: Loading essential drivers ... [    5.194445] md: linear personality registered for level -1
[    5.197992] md: multipath personality registered for level -4
[    5.203820] md: raid0 personality registered for level 0
[    5.208342] md: raid1 personality registered for level 1
[    5.277923] raid6: sse2x1   gen() 10016 MB/s
[    5.345978] raid6: sse2x1   xor()  8111 MB/s
[    5.413977] raid6: sse2x2   gen() 12173 MB/s
[    5.485005] raid6: sse2x2   xor()  9551 MB/s
[    5.553958] raid6: sse2x4   gen() 12429 MB/s
[    5.621960] raid6: sse2x4   xor() 10394 MB/s
[    5.689977] raid6: avx2x1   gen() 20766 MB/s
[    5.761008] raid6: avx2x2   gen() 23813 MB/s
[    5.833006] raid6: avx2x4   gen() 26809 MB/s
[    5.834225] raid6: using algorithm avx2x4 gen() 26809 MB/s
[    5.840762] raid6: using avx2x2 recovery algorithm
[    5.843297] xor: automatically using best checksumming function:
[    5.906436]    avx       : 77726.000 MB/sec
[    5.998785] async_tx: api initialized (async)
[    6.010490] md: raid6 personality registered for level 6
[    6.020126] md: raid5 personality registered for level 5
[    6.020964] md: raid4 personality registered for level 4
[    6.027191] md: raid10 personality registered for level 10
done.
Begin: Running /scripts/init-premount ... done.
Begin: Mounting root file system ... Begin: Running /scripts/local-top ... done.
Beg[    6.055910] Btrfs loaded
in: Running /scripts/local-premount ... Scanning for Btrfs filesystems
done.
Warning: fsck no[    6.115542] EXT4-fs (sda1): mounted filesystem with ordered data mode. Opts: (null)
t present, so skipping root file system
done.
Begin: Running /scripts/local-bottom ... done.
Begin: Running /scripts/init-bottom ... done.
[    6.256442] systemd[1]: systemd 229 running in system mode. (+PAM +AUDIT +SELINUX +IMA +APPARMOR +SMACK +SYSVINIT +UTMP +LIBCRYPTSETUP +GCRYPT +GNUTLS +ACL +XZ -LZ4 +SECCOMP +BLKID +ELFUTILS +KMOD -IDN)
[    6.319227] systemd[1]: Detected virtualization oracle.
[    6.321455] systemd[1]: Detected architecture x86-64.

Welcome to [1mUbuntu 16.04.6 LTS[0m!

[    6.325532] systemd[1]: Set hostname to <ubuntu-xenial>.
[    6.433564] systemd[1]: Reached target Swap.
[[0;32m  OK  [0m] Reached target Swap.
[    6.435261] systemd[1]: Listening on Journal Socket.
[[0;32m  OK  [0m] Listening on Journal Socket.
[    6.436921] systemd[1]: Listening on Journal Audit Socket.
[[0;32m  OK  [0m] Listening on Journal Audit Socket.
[    6.438746] systemd[1]: Listening on /dev/initctl Compatibility Named Pipe.
[[0;32m  OK  [0m] Listening on /dev/initctl Compatibility Named Pipe.
[    6.448126] systemd[1]: Reached target Encrypted Volumes.
[[0;32m  OK  [0m] Reached target Encrypted Volumes.
[    6.450050] systemd[1]: Created slice User and Session Slice.
[[0;32m  OK  [0m] Created slice User and Session Slice.
[    6.452027] systemd[1]: Reached target User and Group Name Lookups.
[[0;32m  OK  [0m] Reached target User and Group Name Lookups.
[    6.455106] systemd[1]: Listening on udev Control Socket.
[[0;32m  OK  [0m] Listening on udev Control Socket.
[    6.456912] systemd[1]: Set up automount Arbitrary Executable File Formats File System Automount Point.
[[0;32m  OK  [0m] Set up automount Arbitrary Executab...ats File System Automount Point.
[    6.459530] systemd[1]: Reached target System Time Synchronized.
[[0;32m  OK  [0m] Reached target System Time Synchronized.
[    6.461375] systemd[1]: Started Forward Password Requests to Wall Directory Watch.
[[0;32m  OK  [0m] Started Forward Password Requests to Wall Directory Watch.
[    6.463948] systemd[1]: Created slice System Slice.
[[0;32m  OK  [0m] Created slice System Slice.
[    6.486120] systemd[1]: Starting Load Kernel Modules...
[    6.515182] Loading iSCSI transport class v2.0-870.
         Starting Load Kernel Modules...
[    6.523637] systemd[1]: Starting Create list of required static device nodes for the current kernel...
         Startin[    6.530893] iscsi: registered transport (tcp)
g Create list of required st... nodes for the current kernel...
[    6.538754] systemd[1]: Mounting Debug File System...
         Mounting Debug File System...
[    6.542630] systemd[1]: Reached target Slices.
[[0;32m  OK  [0m] Reached target Slices.
[    6.544841] systemd[1]: Starting Nameserver information manager...
         Starting Nameserver information manager...
[    6.551549] systemd[1]: Starting Uncomplicated firewall...
         Starting Uncomplicated firewall...
[    6.555292] systemd[1]: Mounting POSIX Message Queue File System...
         Mounting POSIX Message Queue File System...
[    6.571041] systemd[1]: Mounting Huge Pages File System...
         Mounting Huge Pages File System...
[    6.577653] systemd[1]: Starting Remount Root and Kernel File Systems...
         Starting Remount Root a[    6.580099] iscsi: registered transport (iser)
nd Kernel File Systems...
[    6.591987] systemd[1]: Listening on LVM2 metadata daemon socket.
[[0;32m  OK  [0[    6.595036] EXT4-fs (sda1): re-mounted. Opts: (null)
m] Listening on LVM2 metadata daemon socket.
[    6.600534] systemd[1]: Started Trigger resolvconf update for networkd DNS.
[[0;32m  OK  [0m] Started Trigger resolvconf update for networkd DNS.
[    6.608471] systemd[1]: Listening on Journal Socket (/dev/log).
[[0;32m  OK  [0m] Listening on Journal Socket (/dev/log).
[    6.611152] systemd[1]: Created slice system-serial\x2dgetty.slice.
[[0;32m  OK  [0m] Created slice system-serial\x2dgetty.slice.
[    6.613781] systemd[1]: Listening on LVM2 poll daemon socket.
[[0;32m  OK  [0m] Listening on LVM2 poll daemon socket.
[    6.630191] systemd[1]: Starting Set console keymap...
         Starting Set console keymap...
[    6.640843] systemd[1]: Listening on udev Kernel Socket.
[[0;32m  OK  [0m] Listening on udev Kernel Socket.
[    6.686172] systemd[1]: Listening on Syslog Socket.
[[0;32m  OK  [0m] Listening on Syslog Socket.
[    6.718057] systemd[1]: Starting Journal Service...
         Starting Journal Service...
[    6.725731] systemd[1]: Listening on Device-mapper event daemon FIFOs.
[[0;32m  OK  [0m] Listening on Device-mapper event daemon FIFOs.
[    6.729653] systemd[1]: Starting Monitoring of LVM2 mirrors, snapshots etc. using dmeventd or progress polling...
         Starting Monitoring of LVM2 mirrors... dmeventd or progress polling...
[    6.741029] systemd[1]: Mounted POSIX Message Queue File System.
[[0;32m  OK  [0m] Mounted POSIX Message Queue File System.
[    6.778182] systemd[1]: Mounted Huge Pages File System.
[[0;32m  OK  [0m] Mounted Huge Pages File System.
[    6.780381] systemd[1]: Mounted Debug File System.
[[0;32m  OK  [0m] Mounted Debug File System.
[    6.790203] systemd[1]: Started Journal Service.
[[0;32m  OK  [0m] Started Journal Service.
[[0;32m  OK  [0m] Started Load Kernel Modules.
[[0;32m  OK  [0m] Started Create list of required sta...ce nodes for the current kernel.
[[0;32m  OK  [0m] Started Uncomplicated firewall.
[[0;32m  OK  [0m] Started Remount Root and Kernel File Systems.
[[    6.823161] random: nonblocking pool is initialized
[0;32m  OK  [0m] Started Set console keymap.
[[0;32m  OK  [0m] Started Nameserver information manager.
[[0;32m  OK  [0m] Started LVM2 metadata daemon.
         Starting udev Coldplug all Devices...
         Starting Load/Save Random Seed...
         Starting Create Static Device Nodes in /dev...
         Mounting FUSE Control File System...
         Starting Apply Kernel Variables...
         Starting Flush Journal to Persistent Storage...
[[0;32m  OK  [0m] Mounted FUSE Control File System.
[[0;32m  OK  [0m] Started Load/Save Random Seed.
[[0;32m  OK  [0m] Started Create Static Device Nodes in /dev.
[[0;32m  OK  [0m] Started Apply Kernel Variables.
[[0;32m  OK  [0m] Started udev Coldplug all Devices.
[[0;32m  OK  [0m] Started Flush Journal to Persistent Storage.
         Starting udev Kernel Device Manager...
[[0;32m  OK  [0m] Started udev Kernel Device Manager.
[[0;32m  OK  [0m] Started Dispatch Password Requests to Console Directory Watch.
[[0;32m  OK  [0m] Started Monitoring of LVM2 mirrors,...ng dmeventd or progress polling.
[[0;32m  OK  [0m] Reached target Local File Systems (Pre).
[[0;32m  OK  [0m] Reached target Local File Systems.
         Starting Initial cloud-init job (pre-networking)...
         Starting Create Volatile Files and Directories...
         Starting LSB: AppArmor initialization...
         Starting Tell Plymouth To Write Out Runtime Data...
         Starting Set console font and keymap...
[[0;32m  OK  [0m] Started Create Volatile Files and Directories.
[[0;32m  OK  [0m] Started Tell Plymouth To Write Out Runtime Data.
         Starting Update UTMP about System Boot/Shutdown...
[[0;32m  OK  [0m] Started Update UTMP about System Boot/Shutdown.
[[0;32m  OK  [0m] Found device /dev/ttyS0.
[[0;32m  OK  [0m] Started LSB: AppArmor initialization.
[[0;32m  OK  [0m] Listening on Load/Save RF Kill Switch Status /dev/rfkill Watch.
[[0;32m  OK  [0m] Found device 82540EM Gigabit Ethern...r (PRO/1000 MT Desktop Adapter).
[    7.152324] cloud-init[476]: Cloud-init v. 18.5-21-g8ee294d5-0ubuntu1~16.04.1 running 'init-local' at Sun, 07 Apr 2019 18:48:29 +0000. Up 6.91 seconds.
[[0;32m  OK  [0m] Started Initial cloud-init job (pre-networking).
[[0;32m  OK  [0m] Reached target Network (Pre).
         Starting Raise network interfaces...
[[0;32m  OK  [0m] Started ifup for enp0s3.
[[0;32m  OK  [0m] Started Set console font and keymap.
[[0;32m  OK  [0m] Created slice system-getty.slice.
[[0;32m  OK  [0m] Started Raise network interfaces.
[[0;32m  OK  [0m] Reached target Network.
         Starting Initial cloud-init job (metadata service crawler)...
[    7.932524] cloud-init[954]: Cloud-init v. 18.5-21-g8ee294d5-0ubuntu1~16.04.1 running 'init' at Sun, 07 Apr 2019 18:48:30 +0000. Up 7.73 seconds.
[    7.951990] cloud-init[954]: ci-info: +++++++++++++++++++++++++++++++++++++Net device info++++++++++++++++++++++++++++++++++++++
[    7.954359] cloud-init[954]: ci-info: +--------+------+---------------------------+---------------+--------+-------------------+
[    7.956599] cloud-init[954]: ci-info: | Device |  Up  |          Address          |      Mask     | Scope  |     Hw-Address    |
[    7.964283] cloud-init[954]: ci-info: +--------+------+---------------------------+---------------+--------+-------------------+
[    7.966602] cloud-init[954]: ci-info: | enp0s3 | True |         10.0.2.15         | 255.255.255.0 | global | 02:dd:09:7c:76:16 |
[    7.972542] cloud-init[954]: ci-info: | enp0s3 | True | fe80::dd:9ff:fe7c:7616/64 |       .       |  link  | 02:dd:09:7c:76:16 |
[    7.974834] cloud-init[954]: ci-info: |   lo   | True |         127.0.0.1         |   255.0.0.0   |  host  |         .         |
[    7.980594] cloud-init[954]: ci-info: |   lo   | True |          ::1/128          |       .       |  host  |         .         |
[    7.984305] cloud-init[954]: ci-info: +--------+------+---------------------------+---------------+--------+-------------------+
[    7.989469] cloud-init[954]: ci-info: +++++++++++++++++++++++++++Route IPv4 info++++++++++++++++++++++++++++
[    7.991350] cloud-init[954]: ci-info: +-------+-------------+----------+---------------+-----------+-------+
[    7.993594] cloud-init[954]: ci-info: | Route | Destination | Gateway  |    Genmask    | Interface | Flags |
[    7.997311] cloud-init[954]: ci-info: +-------+-------------+----------+---------------+-----------+-------+[[0;32m  OK  [0m] Started Initial cloud-init job (metadata service crawler).

[[0;32m  OK  [0m] Reached target System Initialization.
[    8.000379] cloud-init[954]: ci-info: |   0   |   0.0.0.0   | 10.0.2.2 |    0.0.0.0    |   enp0s3  |   UG  |         Starting LXD - unix socket.

[    8.002667] [[0;32m  OK  [0m] Started Daily apt download activities.
cloud-init         Starting Socket activation for snappy daemon.
[954]: [[0;32m  OK  [0m] Listening on UUID daemon activation socket.
ci-info: |   1   |   10.0.2.0  | 0.0.0.0  | 255.255.255.0 |   enp0s3  |   U   |
[    8.005375] cloud-init[954]: ci-info: +-------+-------------+----------+---------------+-----------+-------+
[    8.005619] cloud-init[954]: ci-info: +++++++++++++++++++Route IPv6 info+++++++++++++++++++
[    8.005896] cloud-init[954]: ci-info: +-------+-------------+---------+-----------+-------+
[    8.006174] cloud-init[954]: ci-info: | Route | Destination | Gateway | Interface | Flags |
[    8.006458] cloud-init[954]: ci-info: +-------+-------------+---------+-----------+-------+
[    8.006723] cloud-init[954]: ci-info: |   0   |  fe80::/64  |    ::   |   enp0s3  |   U   |
[    8.006969] cloud-init[954]: ci-info: |   3   |   ff00::/8  |    ::   |   enp0s3  |   U   |
[    8.007012] cloud-init[954]: ci-info: +-------+-------------+---------+-----------+-------+
[[0;32m  OK  [0m] Started Daily apt upgrade and clean activities.
[[0;32m  OK  [0m] Started ACPI Events Check.
[[0;32m  OK  [0m] Reached target Paths.
[[0;32m  OK  [0m] Listening on D-Bus System Message Bus Socket.
[[0;32m  OK  [0m] Listening on ACPID Listen Socket.
[[0;32m  OK  [0m] Started Daily Cleanup of Temporary Directories.
[[0;32m  OK  [0m] Reached target Timers.
[[0;32m  OK  [0m] Reached target Cloud-config availability.
[[0;32m  OK  [0m] Reached target Network is Online.
         Starting iSCSI initiator daemon (iscsid)...
[[0;32m  OK  [0m] Listening on LXD - unix socket.
[[0;32m  OK  [0m] Listening on Socket activation for snappy daemon.
[[0;32m  OK  [0m] Started iSCSI initiator daemon (iscsid).
         Starting Login to default iSCSI targets...
[[0;32m  OK  [0m] Reached target Sockets.
[[0;32m  OK  [0m] Reached target Basic System.
[[0;32m  OK  [0m] Started D-Bus System Message Bus.
[[0;32m  OK  [0m] Started Unattended Upgrades Shutdown.
         Starting Virtualbox guest utils...
         Starting /etc/rc.local Compatibility...
[[0;32m  OK  [0m] Started ACPI event daemon.
[[0;32m  OK  [0m] Started FUSE filesystem for LXC.
         Starting Snappy daemon...
         Starting Accounts Service...
[[0;32m  OK  [0m] Started Regular background program processing daemon.
         Starting LSB: Record successful boot for GRUB...
[[0;32m  OK  [0m] Started Deferred execution scheduler.
         Starting OpenBSD Secure Shell server...
         Starting Login Service...
         Starting System Logging Service...
         Starting LSB: MD monitoring daemon...
         Starting LXD - container startup/shutdown...
[[0;32m  OK  [0m] Started /etc/rc.local Compatibility.
[[0;32m  OK  [0m] Started Login to default iSCSI targets.
[[0;32m  OK  [0m] Started System Logging Service.
[[0;32m  OK  [0m] Started OpenBSD Secure Shell server.
[[0;32m  OK  [0m] Started Login Service.
         Starting Authenticate and Authorize Users to Run Privileged Tasks...
[[0;32m  OK  [0m] Reached target Remote File Systems (Pre).
[[0;32m  OK  [0m] Reached target Remote File Systems.
         Starting LSB: Set the CPU Frequency Scaling governor to "ondemand"...
         Starting Permit User Sessions...
         Starting LSB: daemon to balance interrupts for SMP systems...
         Starting LSB: automatic crash report generation...
[[0;32m  OK  [0m] Started Snappy daemon.
[[0;32m  OK  [0m] Started Virtualbox guest utils.
[[0;32m  OK  [0m] Started LSB: Record successful boot for GRUB.
[[0;32m  OK  [0m] Started LSB: MD monitoring daemon.
[[0;32m  OK  [0m] Started LXD - container startup/shutdown.
[[0;32m  OK  [0m] Started Permit User Sessions.
[[0;32m  OK  [0m] Started Authenticate and Authorize Users to Run Privileged Tasks.
[[0;32m  OK  [0m] Started Accounts Service.
[[0;32m  OK  [0m] Started LSB: Set the CPU Frequency Scaling governor to "ondemand".
         Starting Hold until boot process finishes up...
         Starting Terminate Plymouth Boot Screen...
         Starting Wait until snapd is fully seeded...
[[0;32m  OK  [0m] Started LSB: daemon to balance interrupts for SMP systems.
[[0;32m  OK  [0m] Started Hold until boot process finishes up.
[[0;32m  OK  [0m] Started Terminate Plymouth Boot Screen.
[[0;32m  OK  [0m] Started Getty on tty1.
[[0;32m  OK  [0m] Started Serial Getty on ttyS0.
[[0;32m  OK  [0m] Reached target Login Prompts.
         Starting Set console scheme...
[[0;32m  OK  [0m] Started LSB: automatic crash report generation.
[[0;32m  OK  [0m] Started Wait until snapd is fully seeded.
[[0;32m  OK  [0m] Started Set console scheme.
         Starting Apply the settings specified in cloud-config...
[[0;32m  OK  [0m] Reached target Multi-User System.
[[0;32m  OK  [0m] Reached target Graphical Interface.
         Starting Update UTMP about System Runlevel Changes...
[[0;32m  OK  [0m] Started Update UTMP about System Runlevel Changes.
[    8.778160] cloud-init[1188]: Cloud-init v. 18.5-21-g8ee294d5-0ubuntu1~16.04.1 running 'modules:config' at Sun, 07 Apr 2019 18:48:31 +0000. Up 8.70 seconds.
[[0;32m  OK  [0m] Started Apply the settings specified in cloud-config.
         Starting Execute cloud user/final scripts...
[    9.179095] cloud-init[1201]: Cloud-init v. 18.5-21-g8ee294d5-0ubuntu1~16.04.1 running 'modules:final' at Sun, 07 Apr 2019 18:48:32 +0000. Up 9.09 seconds.
[    9.181823] cloud-init[1201]: Cloud-init v. 18.5-21-g8ee294d5-0ubuntu1~16.04.1 finished at Sun, 07 Apr 2019 18:48:32 +0000. Datasource DataSourceNoCloud [seed=/dev/sdb][dsmode=net].  Up 9.17 seconds
[[0;32m  OK  [0m] Started Execute cloud user/final scripts.
[[0;32m  OK  [0m] Reached target Cloud-init target.

Ubuntu 16.04.6 LTS ubuntu-xenial ttyS0

ubuntu-xenial login: 